{
  "RSpec": {
    "coverage": {
      "/Users/edilene/1611/module_3/projects/travel-therapy/spec/controllers/home_controller_spec.rb": [
        1,
        null,
        1,
        null,
        null
      ],
      "/Users/edilene/1611/module_3/projects/travel-therapy/spec/rails_helper.rb": [
        null,
        1,
        1,
        null,
        1,
        1,
        1,
        1,
        1,
        null,
        null,
        null,
        null,
        null,
        null,
        null,
        null,
        null,
        null,
        null,
        null,
        null,
        null,
        null,
        null,
        null,
        null,
        null,
        null,
        1,
        null,
        1,
        null,
        1,
        null,
        null,
        null,
        null,
        1,
        null,
        null,
        1,
        1,
        0,
        null,
        null,
        null,
        null,
        null,
        null,
        null,
        null,
        null,
        null,
        1,
        null,
        null,
        1,
        35,
        null,
        null,
        1,
        null,
        null,
        16,
        null,
        16,
        null,
        null,
        null,
        0,
        null,
        null,
        null,
        1,
        35,
        null,
        null,
        1,
        35,
        null,
        null,
        1,
        1,
        1,
        1,
        null,
        null,
        null,
        null,
        null,
        null,
        null,
        null,
        null,
        null,
        null,
        null,
        null,
        null,
        null,
        1,
        null,
        null,
        1,
        null,
        null,
        null
      ],
      "/Users/edilene/1611/module_3/projects/travel-therapy/config/environment.rb": [
        null,
        1,
        null,
        null,
        1
      ],
      "/Users/edilene/1611/module_3/projects/travel-therapy/config/application.rb": [
        1,
        null,
        1,
        null,
        1,
        1,
        1,
        1,
        1,
        1,
        1,
        1,
        null,
        null,
        null,
        null,
        1,
        null,
        1,
        1,
        null,
        null,
        null,
        null,
        null
      ],
      "/Users/edilene/1611/module_3/projects/travel-therapy/config/boot.rb": [
        1,
        null,
        1
      ],
      "/Users/edilene/1611/module_3/projects/travel-therapy/config/environments/test.rb": [
        1,
        null,
        null,
        null,
        null,
        null,
        null,
        1,
        null,
        null,
        null,
        null,
        1,
        null,
        null,
        1,
        1,
        null,
        null,
        null,
        null,
        1,
        1,
        null,
        null,
        1,
        null,
        null,
        1,
        1,
        null,
        null,
        null,
        null,
        1,
        null,
        null,
        1,
        null,
        null,
        null,
        null
      ],
      "/Users/edilene/1611/module_3/projects/travel-therapy/config/initializers/application_controller_renderer.rb": [
        null,
        null,
        null,
        null,
        null,
        null
      ],
      "/Users/edilene/1611/module_3/projects/travel-therapy/config/initializers/assets.rb": [
        null,
        null,
        null,
        1,
        null,
        null,
        null,
        null,
        null,
        null,
        null
      ],
      "/Users/edilene/1611/module_3/projects/travel-therapy/config/initializers/backtrace_silencers.rb": [
        null,
        null,
        null,
        null,
        null,
        null,
        null
      ],
      "/Users/edilene/1611/module_3/projects/travel-therapy/config/initializers/cookies_serializer.rb": [
        null,
        null,
        null,
        null,
        1
      ],
      "/Users/edilene/1611/module_3/projects/travel-therapy/config/initializers/filter_parameter_logging.rb": [
        null,
        null,
        null,
        1
      ],
      "/Users/edilene/1611/module_3/projects/travel-therapy/config/initializers/inflections.rb": [
        null,
        null,
        null,
        null,
        null,
        null,
        null,
        null,
        null,
        null,
        null,
        null,
        null,
        null,
        null,
        null
      ],
      "/Users/edilene/1611/module_3/projects/travel-therapy/config/initializers/mime_types.rb": [
        null,
        null,
        null,
        null
      ],
      "/Users/edilene/1611/module_3/projects/travel-therapy/config/initializers/new_framework_defaults.rb": [
        null,
        null,
        null,
        null,
        null,
        null,
        null,
        1,
        null,
        null,
        1,
        null,
        null,
        null,
        1,
        null,
        null,
        1,
        null,
        null,
        1,
        null,
        null,
        1
      ],
      "/Users/edilene/1611/module_3/projects/travel-therapy/config/initializers/omniauth.rb": [
        1,
        1,
        null,
        null
      ],
      "/Users/edilene/1611/module_3/projects/travel-therapy/config/initializers/session_store.rb": [
        null,
        null,
        1
      ],
      "/Users/edilene/1611/module_3/projects/travel-therapy/config/initializers/wrap_parameters.rb": [
        null,
        null,
        null,
        null,
        null,
        null,
        1,
        2,
        null,
        null,
        null,
        null,
        null,
        null
      ],
      "/Users/edilene/1611/module_3/projects/travel-therapy/config/routes.rb": [
        1,
        1,
        null,
        1,
        1,
        null,
        1,
        1,
        1,
        1,
        null,
        1,
        null,
        1,
        null,
        null,
        null,
        1,
        1,
        null,
        null,
        1,
        1,
        1,
        null,
        null,
        null
      ],
      "/Users/edilene/1611/module_3/projects/travel-therapy/app/helpers/application_helper.rb": [
        1,
        null
      ],
      "/Users/edilene/1611/module_3/projects/travel-therapy/app/controllers/home_controller.rb": [
        1,
        null,
        1,
        null,
        null,
        null
      ],
      "/Users/edilene/1611/module_3/projects/travel-therapy/app/controllers/application_controller.rb": [
        1,
        1,
        1,
        null,
        null,
        null,
        1,
        14,
        null,
        null,
        null,
        null,
        null,
        null,
        null,
        null,
        null,
        null
      ],
      "/Users/edilene/1611/module_3/projects/travel-therapy/spec/controllers/sessions_controller_spec.rb": [
        1,
        null,
        1,
        null,
        null
      ],
      "/Users/edilene/1611/module_3/projects/travel-therapy/app/controllers/sessions_controller.rb": [
        1,
        null,
        1,
        null,
        null,
        1,
        0,
        0,
        0,
        0,
        null,
        null,
        1,
        0,
        0,
        0,
        0,
        0,
        null,
        0,
        0,
        null,
        null,
        null,
        1,
        0,
        0,
        0,
        null,
        null,
        null
      ],
      "/Users/edilene/1611/module_3/projects/travel-therapy/spec/controllers/users_controller_spec.rb": [
        1,
        null,
        1,
        null,
        null
      ],
      "/Users/edilene/1611/module_3/projects/travel-therapy/app/controllers/users_controller.rb": [
        1,
        null,
        1,
        2,
        null,
        null,
        1,
        1,
        1,
        1,
        1,
        1,
        null,
        0,
        0,
        null,
        null,
        null,
        1,
        8,
        null,
        null,
        1,
        2,
        null,
        null,
        1,
        1,
        1,
        1,
        1,
        1,
        null,
        0,
        0,
        null,
        null,
        null,
        1,
        null,
        1,
        2,
        null,
        null
      ],
      "/Users/edilene/1611/module_3/projects/travel-therapy/spec/features/todos/user_sees_todo_list_spec.rb": [
        1,
        null,
        1,
        1,
        0,
        0,
        0,
        0,
        null,
        null,
        1,
        null,
        0,
        null,
        0,
        null,
        null,
        1,
        null,
        0,
        null,
        0,
        null,
        0,
        null,
        0,
        0,
        null,
        null,
        1,
        0,
        null,
        0,
        null,
        0,
        null,
        0,
        null,
        null,
        0,
        null,
        null,
        1,
        null,
        0,
        null,
        null,
        null
      ],
      "/Users/edilene/1611/module_3/projects/travel-therapy/spec/features/trips/user_can_create_trip_spec.rb": [
        1,
        null,
        1,
        1,
        2,
        null,
        2,
        null,
        null,
        1,
        null,
        1,
        null,
        1,
        null,
        1,
        null,
        null,
        1,
        null,
        1,
        null,
        1,
        1,
        1,
        1,
        null,
        1,
        1,
        null,
        null
      ],
      "/Users/edilene/1611/module_3/projects/travel-therapy/spec/features/trips/user_can_delete_trip_spec.rb": [
        1,
        null,
        1,
        1,
        1,
        1,
        1,
        1,
        null,
        null,
        1,
        null,
        1,
        null,
        1,
        1,
        null,
        null,
        1,
        null,
        null,
        null
      ],
      "/Users/edilene/1611/module_3/projects/travel-therapy/spec/features/trips/user_can_edit_trip_spec.rb": [
        1,
        null,
        1,
        1,
        2,
        2,
        2,
        2,
        null,
        null,
        1,
        null,
        1,
        null,
        1,
        1,
        null,
        null,
        1,
        1,
        1,
        1,
        null,
        null,
        1,
        null,
        1,
        null,
        1,
        1,
        1,
        null,
        1,
        null,
        1,
        1,
        null,
        null
      ],
      "/Users/edilene/1611/module_3/projects/travel-therapy/spec/features/user/guest_can_visit_root_spec.rb": [
        1,
        null,
        1,
        1,
        null,
        1,
        null,
        1,
        1,
        null,
        null
      ],
      "/Users/edilene/1611/module_3/projects/travel-therapy/spec/features/user/guest_can_visit_signin_page_spec.rb": [
        1,
        null,
        1,
        1,
        null,
        1,
        null,
        1,
        1,
        null,
        null,
        1,
        null,
        1,
        null,
        1,
        null,
        1,
        1,
        1,
        1,
        1,
        1,
        1,
        1,
        1,
        null,
        null
      ],
      "/Users/edilene/1611/module_3/projects/travel-therapy/spec/features/user/user_can_create_account_spec.rb": [
        1,
        null,
        1,
        1,
        null,
        1,
        null,
        1,
        1,
        1,
        1,
        1,
        1,
        1,
        null,
        1,
        null,
        1,
        null,
        null
      ],
      "/Users/edilene/1611/module_3/projects/travel-therapy/spec/features/user/user_can_edit_info_spec.rb": [
        1,
        null,
        1,
        1,
        1,
        null,
        1,
        null,
        1,
        null,
        1,
        null,
        1,
        1,
        null,
        null
      ],
      "/Users/edilene/1611/module_3/projects/travel-therapy/spec/features/user/user_can_edit_their_profile_spec.rb": [
        1,
        null,
        1,
        1,
        1,
        null,
        1,
        null,
        null,
        1,
        null,
        1,
        null,
        1,
        null,
        1,
        null,
        1,
        1,
        1,
        1,
        1,
        1,
        null,
        1,
        null,
        1,
        1,
        1,
        1,
        1,
        1,
        1,
        1,
        null,
        null
      ],
      "/Users/edilene/1611/module_3/projects/travel-therapy/spec/features/user/user_can_see_link_to_plan_spec.rb": [
        1,
        null,
        1,
        1,
        1,
        5,
        null,
        5,
        null,
        null,
        1,
        null,
        1,
        null,
        1,
        null,
        null,
        1,
        null,
        1,
        null,
        1,
        null,
        null,
        1,
        null,
        1,
        null,
        1,
        null,
        null,
        1,
        null,
        1,
        null,
        1,
        null,
        null,
        1,
        null,
        1,
        null,
        1,
        null,
        null
      ],
      "/Users/edilene/1611/module_3/projects/travel-therapy/spec/models/country_spec.rb": [
        1,
        null,
        1,
        1,
        2,
        2,
        2,
        2,
        2,
        null,
        null
      ],
      "/Users/edilene/1611/module_3/projects/travel-therapy/app/models/country.rb": [
        1,
        1,
        null,
        1,
        0,
        0,
        null,
        null,
        null
      ],
      "/Users/edilene/1611/module_3/projects/travel-therapy/app/models/application_record.rb": [
        1,
        1,
        null
      ],
      "/Users/edilene/1611/module_3/projects/travel-therapy/spec/models/user_spec.rb": [
        1,
        null,
        1,
        1,
        2,
        null,
        null,
        1,
        2,
        null,
        null,
        1,
        1,
        1,
        null,
        1,
        null,
        null,
        1,
        1,
        null,
        1,
        null,
        null,
        1,
        1,
        null,
        1,
        null,
        null,
        1,
        1,
        null,
        1,
        null,
        null,
        1,
        1,
        null,
        1,
        null,
        null,
        1,
        1,
        1,
        null,
        1,
        null,
        null,
        null
      ],
      "/Users/edilene/1611/module_3/projects/travel-therapy/app/models/user.rb": [
        1,
        1,
        1,
        1,
        null,
        1,
        null,
        1,
        null,
        1,
        0,
        0,
        0,
        0,
        0,
        0,
        0,
        0,
        0,
        0,
        0,
        null,
        null
      ],
      "/Users/edilene/1611/module_3/projects/travel-therapy/spec/requests/api/v1/countries_request_spec.rb": [
        1,
        null,
        1,
        1,
        1,
        null,
        1,
        null,
        1,
        null,
        1,
        1,
        null,
        null,
        1,
        1,
        1,
        null,
        1,
        null,
        1,
        null,
        1,
        1,
        1,
        null,
        null,
        1,
        1,
        null,
        1,
        null,
        1,
        null,
        1,
        1,
        1,
        null,
        null,
        1,
        1,
        1,
        null,
        1,
        null,
        1,
        null,
        1,
        1,
        1,
        null,
        null,
        1,
        1,
        null,
        1,
        null,
        1,
        null,
        1,
        1,
        2,
        null,
        null
      ],
      "/Users/edilene/1611/module_3/projects/travel-therapy/spec/services/numbeo_service_spec.rb": [
        1,
        null,
        1,
        1,
        1,
        1,
        null,
        null,
        1,
        null,
        1,
        null,
        1,
        null,
        null,
        1,
        null,
        0,
        null,
        0,
        null,
        0,
        0,
        0,
        null,
        null
      ],
      "/Users/edilene/1611/module_3/projects/travel-therapy/app/services/numbeo_service.rb": [
        1,
        1,
        null,
        1,
        1,
        1,
        null,
        null,
        1,
        1,
        null,
        null,
        null,
        1,
        0,
        null,
        null,
        1,
        null,
        1,
        1,
        null,
        null
      ],
      "/Users/edilene/1611/module_3/projects/travel-therapy/spec/fabricators/country_fabricator.rb": [
        1,
        2,
        2,
        2,
        2,
        2,
        null
      ],
      "/Users/edilene/1611/module_3/projects/travel-therapy/spec/fabricators/trip_fabricator.rb": [
        1,
        2,
        2,
        2,
        2,
        null
      ],
      "/Users/edilene/1611/module_3/projects/travel-therapy/spec/fabricators/user_fabricator.rb": [
        1,
        19,
        19,
        18,
        20,
        19,
        2,
        null
      ],
      "/Users/edilene/1611/module_3/projects/travel-therapy/app/models/trip.rb": [
        1,
        1,
        1,
        1,
        null
      ],
      "/Users/edilene/1611/module_3/projects/travel-therapy/app/controllers/trips_controller.rb": [
        1,
        null,
        1,
        6,
        6,
        null,
        null,
        1,
        1,
        1,
        1,
        1,
        1,
        null,
        0,
        0,
        null,
        null,
        null,
        1,
        2,
        null,
        null,
        null,
        1,
        2,
        null,
        null,
        1,
        1,
        1,
        1,
        1,
        1,
        null,
        0,
        0,
        null,
        null,
        null,
        1,
        1,
        1,
        1,
        1,
        null,
        null,
        1,
        null,
        1,
        2,
        null,
        null
      ],
      "/Users/edilene/1611/module_3/projects/travel-therapy/app/models/todo.rb": [
        1,
        1,
        null
      ],
      "/Users/edilene/1611/module_3/projects/travel-therapy/app/controllers/api/v1/countries_controller.rb": [
        1,
        1,
        1,
        null,
        null,
        1,
        1,
        null,
        null,
        1,
        1,
        null,
        null,
        1,
        1,
        null,
        null,
        1,
        1,
        null,
        null,
        1,
        null,
        1,
        2,
        null,
        null
      ],
      "/Users/edilene/1611/module_3/projects/travel-therapy/app/serializers/country_serializer.rb": [
        1,
        1,
        null
      ]
    },
    "timestamp": 1492738840
  }
}
